# JRE version: OpenJDK Runtime Environment (11.0.4+10) (build 11.0.4+10-b304.77)
# Java VM: OpenJDK 64-Bit Server VM (11.0.4+10-b304.77, mixed mode, tiered, compressed oops, concurrent mark sweep gc, linux-amd64)
Heap:
 par new generation   total 118016K, used 41149K [0x0000000083000000, 0x000000008b000000, 0x000000008b000000)
  eden space 104960K,  30% used [0x0000000083000000, 0x0000000084f14840, 0x0000000089680000)
  from space 13056K,  71% used [0x0000000089680000, 0x0000000089f9adb8, 0x000000008a340000)
  to   space 13056K,   0% used [0x000000008a340000, 0x000000008a340000, 0x000000008b000000)
 concurrent mark-sweep generation total 1283948K, used 1038860K [0x000000008b000000, 0x00000000d95db000, 0x0000000100000000)
 Metaspace       used 263104K, capacity 271545K, committed 271672K, reserved 1288192K
  class space    used 30027K, capacity 33296K, committed 33328K, reserved 1048576K
GC Heap History (10 events):
Event: 103451,683 GC heap before
{Heap before GC invocations=33853 (full 27):
 par new generation   total 118016K, used 116061K [0x0000000083000000, 0x000000008b000000, 0x000000008b000000)
  eden space 104960K, 100% used [0x0000000083000000, 0x0000000089680000, 0x0000000089680000)
  from space 13056K,  85% used [0x000000008a340000, 0x000000008ae17790, 0x000000008b000000)
  to   space 13056K,   0% used [0x0000000089680000, 0x0000000089680000, 0x000000008a340000)
 concurrent mark-sweep generation total 1283948K, used 1016864K [0x000000008b000000, 0x00000000d95db000, 0x0000000100000000)
 Metaspace       used 263061K, capacity 271474K, committed 271672K, reserved 1288192K
  class space    used 30025K, capacity 33295K, committed 33328K, reserved 1048576K
}
Event: 103451,701 GC heap after
{Heap after GC invocations=33854 (full 27):
 par new generation   total 118016K, used 13056K [0x0000000083000000, 0x000000008b000000, 0x000000008b000000)
  eden space 104960K,   0% used [0x0000000083000000, 0x0000000083000000, 0x0000000089680000)
  from space 13056K, 100% used [0x0000000089680000, 0x000000008a340000, 0x000000008a340000)
  to   space 13056K,   0% used [0x000000008a340000, 0x000000008a340000, 0x000000008b000000)
 concurrent mark-sweep generation total 1283948K, used 1021186K [0x000000008b000000, 0x00000000d95db000, 0x0000000100000000)
 Metaspace       used 263061K, capacity 271474K, committed 271672K, reserved 1288192K
  class space    used 30025K, capacity 33295K, committed 33328K, reserved 1048576K
}
Event: 105765,054 GC heap before
{Heap before GC invocations=33854 (full 27):
 par new generation   total 118016K, used 118016K [0x0000000083000000, 0x000000008b000000, 0x000000008b000000)
  eden space 104960K, 100% used [0x0000000083000000, 0x0000000089680000, 0x0000000089680000)
  from space 13056K, 100% used [0x0000000089680000, 0x000000008a340000, 0x000000008a340000)
  to   space 13056K,   0% used [0x000000008a340000, 0x000000008a340000, 0x000000008b000000)
 concurrent mark-sweep generation total 1283948K, used 1021186K [0x000000008b000000, 0x00000000d95db000, 0x0000000100000000)
 Metaspace       used 263071K, capacity 271474K, committed 271672K, reserved 1288192K
  class space    used 30025K, capacity 33295K, committed 33328K, reserved 1048576K
}
Event: 105765,438 GC heap after
{Heap after GC invocations=33855 (full 27):
 par new generation   total 118016K, used 12012K [0x0000000083000000, 0x000000008b000000, 0x000000008b000000)
  eden space 104960K,   0% used [0x0000000083000000, 0x0000000083000000, 0x0000000089680000)
  from space 13056K,  92% used [0x000000008a340000, 0x000000008aefb070, 0x000000008b000000)
  to   space 13056K,   0% used [0x0000000089680000, 0x0000000089680000, 0x000000008a340000)
 concurrent mark-sweep generation total 1283948K, used 1025621K [0x000000008b000000, 0x00000000d95db000, 0x0000000100000000)
 Metaspace       used 263071K, capacity 271474K, committed 271672K, reserved 1288192K
  class space    used 30025K, capacity 33295K, committed 33328K, reserved 1048576K
}
Event: 105766,023 GC heap before
{Heap before GC invocations=33855 (full 27):
 par new generation   total 118016K, used 116972K [0x0000000083000000, 0x000000008b000000, 0x000000008b000000)
  eden space 104960K, 100% used [0x0000000083000000, 0x0000000089680000, 0x0000000089680000)
  from space 13056K,  92% used [0x000000008a340000, 0x000000008aefb070, 0x000000008b000000)
  to   space 13056K,   0% used [0x0000000089680000, 0x0000000089680000, 0x000000008a340000)
 concurrent mark-sweep generation total 1283948K, used 1025621K [0x000000008b000000, 0x00000000d95db000, 0x0000000100000000)
 Metaspace       used 263071K, capacity 271474K, committed 271672K, reserved 1288192K
  class space    used 30025K, capacity 33295K, committed 33328K, reserved 1048576K
}
Event: 105766,045 GC heap after
{Heap after GC invocations=33856 (full 27):
 par new generation   total 118016K, used 11862K [0x0000000083000000, 0x000000008b000000, 0x000000008b000000)
  eden space 104960K,   0% used [0x0000000083000000, 0x0000000083000000, 0x0000000089680000)
  from space 13056K,  90% used [0x0000000089680000, 0x000000008a215b60, 0x000000008a340000)
  to   space 13056K,   0% used [0x000000008a340000, 0x000000008a340000, 0x000000008b000000)
 concurrent mark-sweep generation total 1283948K, used 1028666K [0x000000008b000000, 0x00000000d95db000, 0x0000000100000000)
 Metaspace       used 263071K, capacity 271474K, committed 271672K, reserved 1288192K
  class space    used 30025K, capacity 33295K, committed 33328K, reserved 1048576K
}
Event: 105766,436 GC heap before
{Heap before GC invocations=33856 (full 27):
 par new generation   total 118016K, used 116822K [0x0000000083000000, 0x000000008b000000, 0x000000008b000000)
  eden space 104960K, 100% used [0x0000000083000000, 0x0000000089680000, 0x0000000089680000)
  from space 13056K,  90% used [0x0000000089680000, 0x000000008a215b60, 0x000000008a340000)
  to   space 13056K,   0% used [0x000000008a340000, 0x000000008a340000, 0x000000008b000000)
 concurrent mark-sweep generation total 1283948K, used 1028666K [0x000000008b000000, 0x00000000d95db000, 0x0000000100000000)
 Metaspace       used 263071K, capacity 271474K, committed 271672K, reserved 1288192K
  class space    used 30025K, capacity 33295K, committed 33328K, reserved 1048576K
}
Event: 105766,466 GC heap after
{Heap after GC invocations=33857 (full 27):
 par new generation   total 118016K, used 12267K [0x0000000083000000, 0x000000008b000000, 0x000000008b000000)
  eden space 104960K,   0% used [0x0000000083000000, 0x0000000083000000, 0x0000000089680000)
  from space 13056K,  93% used [0x000000008a340000, 0x000000008af3aef0, 0x000000008b000000)
  to   space 13056K,   0% used [0x0000000089680000, 0x0000000089680000, 0x000000008a340000)
 concurrent mark-sweep generation total 1283948K, used 1034523K [0x000000008b000000, 0x00000000d95db000, 0x0000000100000000)
 Metaspace       used 263071K, capacity 271474K, committed 271672K, reserved 1288192K
  class space    used 30025K, capacity 33295K, committed 33328K, reserved 1048576K
}
Event: 105940,866 GC heap before
{Heap before GC invocations=33857 (full 27):
 par new generation   total 118016K, used 117227K [0x0000000083000000, 0x000000008b000000, 0x000000008b000000)
  eden space 104960K, 100% used [0x0000000083000000, 0x0000000089680000, 0x0000000089680000)
  from space 13056K,  93% used [0x000000008a340000, 0x000000008af3aef0, 0x000000008b000000)
  to   space 13056K,   0% used [0x0000000089680000, 0x0000000089680000, 0x000000008a340000)
 concurrent mark-sweep generation total 1283948K, used 1034523K [0x000000008b000000, 0x00000000d95db000, 0x0000000100000000)
 Metaspace       used 263077K, capacity 271544K, committed 271672K, reserved 1288192K
  class space    used 30026K, capacity 33296K, committed 33328K, reserved 1048576K
}
Event: 105940,886 GC heap after
{Heap after GC invocations=33858 (full 27):
 par new generation   total 118016K, used 9323K [0x0000000083000000, 0x000000008b000000, 0x000000008b000000)
  eden space 104960K,   0% used [0x0000000083000000, 0x0000000083000000, 0x0000000089680000)
  from space 13056K,  71% used [0x0000000089680000, 0x0000000089f9adb8, 0x000000008a340000)
  to   space 13056K,   0% used [0x000000008a340000, 0x000000008a340000, 0x000000008b000000)
 concurrent mark-sweep generation total 1283948K, used 1038860K [0x000000008b000000, 0x00000000d95db000, 0x0000000100000000)
 Metaspace       used 263077K, capacity 271544K, committed 271672K, reserved 1288192K
  class space    used 30026K, capacity 33296K, committed 33328K, reserved 1048576K
}

